<?xml version="1.0" encoding="UTF-8"?>
<!-- Generated by org.testng.reporters.JUnitXMLReporter -->
<testsuite ignored="2" hostname="DESKTOP-5BKKI8L" failures="0" tests="1" name="Default test" time="4.543" errors="0" timestamp="2024-05-15T02:46:49 PDT">
  <testcase classname="com.allianz.test.PetManageTest" name="updateValidPetToStoreTest2" time="4.486"/>
  <testcase classname="com.allianz.test.PetManageTest" name="addValidPetToStore" time="0.0">
    <ignored/>
  </testcase> <!-- addValidPetToStore -->
  <testcase classname="com.allianz.test.PetManageTest" name="addValidPetToStoreTest2" time="0.0">
    <ignored/>
  </testcase> <!-- addValidPetToStoreTest2 -->
</testsuite> <!-- Default test -->
