<?xml version="1.0" encoding="UTF-8"?>
<testng-results ignored="0" total="2" passed="2" failed="0" skipped="0">
  <reporter-output>
  </reporter-output>
  <suite started-at="2024-05-14T03:37:02 PDT" name="Default suite" finished-at="2024-05-14T03:37:08 PDT" duration-ms="6281">
    <groups>
    </groups>
    <test started-at="2024-05-14T03:37:02 PDT" name="Default test" finished-at="2024-05-14T03:37:08 PDT" duration-ms="6281">
      <class name="com.allianz.test.PetRequestTest">
        <test-method signature="findInvalidPetTest()[pri:0, instance:com.allianz.test.PetRequestTest@1b2abca6]" started-at="2024-05-14T03:37:02 PDT" name="findInvalidPetTest" finished-at="2024-05-14T03:37:06 PDT" duration-ms="4480" status="PASS">
          <reporter-output>
          </reporter-output>
        </test-method> <!-- findInvalidPetTest -->
        <test-method signature="findValidPetTest()[pri:0, instance:com.allianz.test.PetRequestTest@1b2abca6]" started-at="2024-05-14T03:37:06 PDT" name="findValidPetTest" finished-at="2024-05-14T03:37:08 PDT" duration-ms="1716" status="PASS">
          <reporter-output>
          </reporter-output>
        </test-method> <!-- findValidPetTest -->
      </class> <!-- com.allianz.test.PetRequestTest -->
    </test> <!-- Default test -->
  </suite> <!-- Default suite -->
</testng-results>
