<?xml version="1.0" encoding="UTF-8"?>
<testng-results ignored="0" total="1" passed="1" failed="0" skipped="0">
  <reporter-output>
  </reporter-output>
  <suite started-at="2024-05-15T02:46:44 PDT" name="Default suite" finished-at="2024-05-15T02:46:49 PDT" duration-ms="4543">
    <groups>
    </groups>
    <test started-at="2024-05-15T02:46:44 PDT" name="Default test" finished-at="2024-05-15T02:46:49 PDT" duration-ms="4543">
      <class name="com.allianz.test.PetManageTest">
        <test-method signature="updateValidPetToStoreTest2()[pri:0, instance:com.allianz.test.PetManageTest@c88a337]" started-at="2024-05-15T02:46:44 PDT" name="updateValidPetToStoreTest2" finished-at="2024-05-15T02:46:49 PDT" duration-ms="4486" status="PASS">
          <reporter-output>
          </reporter-output>
        </test-method> <!-- updateValidPetToStoreTest2 -->
      </class> <!-- com.allianz.test.PetManageTest -->
    </test> <!-- Default test -->
  </suite> <!-- Default suite -->
</testng-results>
